[INFO] 2018-11-13 09:51:03,690 automationFramework.Report Execute - Successfully navigated to IRCTC
[INFO] 2018-11-13 09:51:03,967 automationFramework.Report Execute - Login Page is Displayed
[INFO] 2018-11-13 09:51:04,212 automationFramework.Report Execute - Successfully Entered UserName as : Nit2590
[INFO] 2018-11-13 09:51:04,425 automationFramework.Report Execute - Successfully Entered Password 
[INFO] 2018-11-13 09:51:14,502 automationFramework.Report Execute - Successfully Clicked SignIn Button
[INFO] 2018-11-13 09:51:14,666 automationFramework.Report Execute - Successfully logged in : Nitish Sharma 
[INFO] 2018-11-13 09:51:15,833 automationFramework.Report Execute - Successfully Entered from Station :NZM
[INFO] 2018-11-13 09:51:16,790 automationFramework.Report Execute - Successfully Entered to Station : PUNE
[INFO] 2018-11-13 09:51:17,122 automationFramework.Report Execute - Successfully Entered Date : 20-02-2019
[INFO] 2018-11-13 09:51:17,192 automationFramework.Report Execute - Successfully Clicked FInd Trains Button
[INFO] 2018-11-13 09:51:18,106 automationFramework.Report Execute - Successfully Searched the result
[INFO] 2018-11-13 09:51:19,544 automationFramework.Report Execute - Successfully Searched the result
[INFO] 2018-11-13 09:51:22,683 automationFramework.Report Execute - Successfully Selected the Train with Availablr Seats
[INFO] 2018-11-13 09:51:24,029 automationFramework.Report Execute - Successfully Entered Name As :Nitish Sharma
[INFO] 2018-11-13 09:51:24,323 automationFramework.Report Execute - Successfully Entered Age As :27
[INFO] 2018-11-13 09:51:24,828 automationFramework.Report Execute - Successfully Selected Gender As :Male
[INFO] 2018-11-13 09:51:25,136 automationFramework.Report Execute - Successfully Entered Berth As :Lower
[INFO] 2018-11-13 09:51:25,433 automationFramework.Report Execute - Successfully Clicked on Add Passenger button
[INFO] 2018-11-13 09:51:25,955 automationFramework.Report Execute - Successfully Entered Name As :Ashish jain
[INFO] 2018-11-13 09:51:26,200 automationFramework.Report Execute - Successfully Entered Age As :27
[INFO] 2018-11-13 09:51:26,389 automationFramework.Report Execute - Successfully Selected Gender As :Female
[INFO] 2018-11-13 09:51:26,559 automationFramework.Report Execute - Successfully Entered Berth As :Upper
[INFO] 2018-11-13 09:51:26,661 automationFramework.Report Execute - Successfully Selected AutoUpgrade Option
[INFO] 2018-11-13 09:51:35,832 automationFramework.Report Execute - Successfully Clicked on Continue Booking
